<?xml version="1.0" encoding="UTF-8"?>
<coverage generated="1778247688124" clover="3.2.0">
  <project timestamp="1778247688124" name="All files">
    <metrics statements="30" coveredstatements="30" conditionals="10" coveredconditionals="8" methods="3" coveredmethods="3" elements="43" coveredelements="41" complexity="0" loc="30" ncloc="30" packages="1" files="3" classes="3"/>
    <file name="bracketUtils.js" path="/Users/saman/Desktop/Ca foscari/Second year/Software Articture/claude/code/football-tournament/monolith/utils/bracketUtils.js">
      <metrics statements="13" coveredstatements="13" conditionals="2" coveredconditionals="1" methods="1" coveredmethods="1"/>
      <line num="2" count="4" type="stmt"/>
      <line num="4" count="4" type="stmt"/>
      <line num="5" count="8" type="cond" truecount="1" falsecount="1"/>
      <line num="8" count="4" type="stmt"/>
      <line num="9" count="4" type="stmt"/>
      <line num="10" count="4" type="stmt"/>
      <line num="11" count="4" type="stmt"/>
      <line num="12" count="4" type="stmt"/>
      <line num="13" count="4" type="stmt"/>
      <line num="15" count="4" type="stmt"/>
      <line num="16" count="4" type="stmt"/>
      <line num="19" count="4" type="stmt"/>
      <line num="22" count="1" type="stmt"/>
    </file>
    <file name="resultUtils.js" path="/Users/saman/Desktop/Ca foscari/Second year/Software Articture/claude/code/football-tournament/monolith/utils/resultUtils.js">
      <metrics statements="2" coveredstatements="2" conditionals="2" coveredconditionals="2" methods="1" coveredmethods="1"/>
      <line num="3" count="3" type="cond" truecount="2" falsecount="0"/>
      <line num="6" count="1" type="stmt"/>
    </file>
    <file name="standingsUtils.js" path="/Users/saman/Desktop/Ca foscari/Second year/Software Articture/claude/code/football-tournament/monolith/utils/standingsUtils.js">
      <metrics statements="15" coveredstatements="15" conditionals="6" coveredconditionals="5" methods="1" coveredmethods="1"/>
      <line num="2" count="6" type="stmt"/>
      <line num="4" count="6" type="stmt"/>
      <line num="5" count="13" type="cond" truecount="2" falsecount="0"/>
      <line num="7" count="12" type="stmt"/>
      <line num="9" count="12" type="stmt"/>
      <line num="10" count="24" type="cond" truecount="2" falsecount="0"/>
      <line num="13" count="12" type="stmt"/>
      <line num="14" count="12" type="stmt"/>
      <line num="15" count="12" type="stmt"/>
      <line num="16" count="12" type="stmt"/>
      <line num="18" count="12" type="stmt"/>
      <line num="19" count="12" type="cond" truecount="1" falsecount="1"/>
      <line num="20" count="12" type="stmt"/>
      <line num="23" count="6" type="stmt"/>
      <line num="26" count="1" type="stmt"/>
    </file>
  </project>
</coverage>
