{"/Users/saman/Desktop/Ca foscari/Second year/Software Articture/claude/code/football-tournament/monolith/utils/bracketUtils.js": {"path":"/Users/saman/Desktop/Ca foscari/Second year/Software Articture/claude/code/football-tournament/monolith/utils/bracketUtils.js","statementMap":{"0":{"start":{"line":2,"column":18},"end":{"line":2,"column":20}},"1":{"start":{"line":4,"column":2},"end":{"line":6,"column":3}},"2":{"start":{"line":4,"column":15},"end":{"line":4,"column":16}},"3":{"start":{"line":5,"column":4},"end":{"line":5,"column":90}},"4":{"start":{"line":8,"column":18},"end":{"line":8,"column":45}},"5":{"start":{"line":9,"column":14},"end":{"line":9,"column":15}},"6":{"start":{"line":10,"column":2},"end":{"line":17,"column":3}},"7":{"start":{"line":11,"column":22},"end":{"line":11,"column":46}},"8":{"start":{"line":12,"column":4},"end":{"line":14,"column":5}},"9":{"start":{"line":12,"column":17},"end":{"line":12,"column":18}},"10":{"start":{"line":13,"column":6},"end":{"line":13,"column":62}},"11":{"start":{"line":15,"column":4},"end":{"line":15,"column":26}},"12":{"start":{"line":16,"column":4},"end":{"line":16,"column":12}},"13":{"start":{"line":19,"column":2},"end":{"line":19,"column":17}},"14":{"start":{"line":22,"column":0},"end":{"line":22,"column":38}}},"fnMap":{"0":{"name":"buildBracketPlan","decl":{"start":{"line":1,"column":9},"end":{"line":1,"column":25}},"loc":{"start":{"line":1,"column":33},"end":{"line":20,"column":1}},"line":1}},"branchMap":{"0":{"loc":{"start":{"line":5,"column":62},"end":{"line":5,"column":86}},"type":"binary-expr","locations":[{"start":{"line":5,"column":62},"end":{"line":5,"column":78}},{"start":{"line":5,"column":82},"end":{"line":5,"column":86}}],"line":5}},"s":{"0":4,"1":4,"2":4,"3":8,"4":4,"5":4,"6":4,"7":4,"8":4,"9":4,"10":4,"11":4,"12":4,"13":4,"14":1},"f":{"0":4},"b":{"0":[8,0]},"_coverageSchema":"1a1c01bbd47fc00a2c39e90264f33305004495a9","hash":"41a3eb9036e45909a1b8b93e9691e578a2673e97"}
,"/Users/saman/Desktop/Ca foscari/Second year/Software Articture/claude/code/football-tournament/monolith/utils/resultUtils.js": {"path":"/Users/saman/Desktop/Ca foscari/Second year/Software Articture/claude/code/football-tournament/monolith/utils/resultUtils.js","statementMap":{"0":{"start":{"line":3,"column":2},"end":{"line":3,"column":70}},"1":{"start":{"line":6,"column":0},"end":{"line":6,"column":37}}},"fnMap":{"0":{"name":"determineWinner","decl":{"start":{"line":2,"column":9},"end":{"line":2,"column":24}},"loc":{"start":{"line":2,"column":58},"end":{"line":4,"column":1}},"line":2}},"branchMap":{"0":{"loc":{"start":{"line":3,"column":9},"end":{"line":3,"column":69}},"type":"cond-expr","locations":[{"start":{"line":3,"column":38},"end":{"line":3,"column":52}},{"start":{"line":3,"column":55},"end":{"line":3,"column":69}}],"line":3}},"s":{"0":3,"1":1},"f":{"0":3},"b":{"0":[2,1]},"_coverageSchema":"1a1c01bbd47fc00a2c39e90264f33305004495a9","hash":"3a72359c8f5ad6a50a7ac1369197ccf9c3fbee13"}
,"/Users/saman/Desktop/Ca foscari/Second year/Software Articture/claude/code/football-tournament/monolith/utils/standingsUtils.js": {"path":"/Users/saman/Desktop/Ca foscari/Second year/Software Articture/claude/code/football-tournament/monolith/utils/standingsUtils.js","statementMap":{"0":{"start":{"line":2,"column":14},"end":{"line":2,"column":16}},"1":{"start":{"line":4,"column":2},"end":{"line":21,"column":3}},"2":{"start":{"line":5,"column":4},"end":{"line":5,"column":47}},"3":{"start":{"line":5,"column":38},"end":{"line":5,"column":47}},"4":{"start":{"line":7,"column":72},"end":{"line":7,"column":77}},"5":{"start":{"line":9,"column":4},"end":{"line":11,"column":5}},"6":{"start":{"line":10,"column":6},"end":{"line":10,"column":102}},"7":{"start":{"line":10,"column":20},"end":{"line":10,"column":102}},"8":{"start":{"line":13,"column":4},"end":{"line":13,"column":47}},"9":{"start":{"line":14,"column":4},"end":{"line":14,"column":48}},"10":{"start":{"line":15,"column":4},"end":{"line":15,"column":47}},"11":{"start":{"line":16,"column":4},"end":{"line":16,"column":48}},"12":{"start":{"line":18,"column":4},"end":{"line":18,"column":29}},"13":{"start":{"line":19,"column":21},"end":{"line":19,"column":65}},"14":{"start":{"line":20,"column":4},"end":{"line":20,"column":30}},"15":{"start":{"line":23,"column":2},"end":{"line":23,"column":28}},"16":{"start":{"line":26,"column":0},"end":{"line":26,"column":40}}},"fnMap":{"0":{"name":"calculateStandings","decl":{"start":{"line":1,"column":9},"end":{"line":1,"column":27}},"loc":{"start":{"line":1,"column":37},"end":{"line":24,"column":1}},"line":1}},"branchMap":{"0":{"loc":{"start":{"line":5,"column":4},"end":{"line":5,"column":47}},"type":"if","locations":[{"start":{"line":5,"column":4},"end":{"line":5,"column":47}},{"start":{},"end":{}}],"line":5},"1":{"loc":{"start":{"line":10,"column":6},"end":{"line":10,"column":102}},"type":"if","locations":[{"start":{"line":10,"column":6},"end":{"line":10,"column":102}},{"start":{},"end":{}}],"line":10},"2":{"loc":{"start":{"line":19,"column":21},"end":{"line":19,"column":65}},"type":"cond-expr","locations":[{"start":{"line":19,"column":46},"end":{"line":19,"column":54}},{"start":{"line":19,"column":57},"end":{"line":19,"column":65}}],"line":19}},"s":{"0":6,"1":6,"2":13,"3":1,"4":12,"5":12,"6":24,"7":18,"8":12,"9":12,"10":12,"11":12,"12":12,"13":12,"14":12,"15":6,"16":1},"f":{"0":6},"b":{"0":[1,12],"1":[18,6],"2":[12,0]},"_coverageSchema":"1a1c01bbd47fc00a2c39e90264f33305004495a9","hash":"fbd5519aec2a3464dee726ae69f20bacafdbddca"}
}
