TN:
SF:utils/bracketUtils.js
FN:1,buildBracketPlan
FNF:1
FNH:1
FNDA:4,buildBracketPlan
DA:2,4
DA:4,4
DA:5,8
DA:8,4
DA:9,4
DA:10,4
DA:11,4
DA:12,4
DA:13,4
DA:15,4
DA:16,4
DA:19,4
DA:22,1
LF:13
LH:13
BRDA:5,0,0,8
BRDA:5,0,1,0
BRF:2
BRH:1
end_of_record
TN:
SF:utils/resultUtils.js
FN:2,determineWinner
FNF:1
FNH:1
FNDA:3,determineWinner
DA:3,3
DA:6,1
LF:2
LH:2
BRDA:3,0,0,2
BRDA:3,0,1,1
BRF:2
BRH:2
end_of_record
TN:
SF:utils/standingsUtils.js
FN:1,calculateStandings
FNF:1
FNH:1
FNDA:6,calculateStandings
DA:2,6
DA:4,6
DA:5,13
DA:7,12
DA:9,12
DA:10,24
DA:13,12
DA:14,12
DA:15,12
DA:16,12
DA:18,12
DA:19,12
DA:20,12
DA:23,6
DA:26,1
LF:15
LH:15
BRDA:5,0,0,1
BRDA:5,0,1,12
BRDA:10,1,0,18
BRDA:10,1,1,6
BRDA:19,2,0,12
BRDA:19,2,1,0
BRF:6
BRH:5
end_of_record
